<?xml version="1.0" encoding="UTF-8"?><testsuite errors="0" failures="0" name="com.gorest.curdtest.UserCURDTestWithSteps" skipped="0" tests="4" time="5.82" timestamp="2023-01-01T19:28:41.911Z[Europe/London]"><testcase classname="com.gorest.curdtest.UserCURDTestWithSteps" name="This will create a new User"/><testcase classname="com.gorest.curdtest.UserCURDTestWithSteps" name="This will Fetch user by ID"/><testcase classname="com.gorest.curdtest.UserCURDTestWithSteps" name="This will Fetch user by ID"/><testcase classname="com.gorest.curdtest.UserCURDTestWithSteps" name="This will Delete user by ID"/></testsuite>